

*******************************************************************************
Sat Jul 30 02:07:57 2016


FIT:    data read from "/tmp/makedhcp.log" using 1:2
        format = x:z
        #datapoints = 10
        residuals are weighted equally (unit weight)

function used for fitting: f(x)
fitted parameters initialized with current variable values



*******************************************************************************
Sat Jul 30 02:08:19 2016


FIT:    data read from "/tmp/makedhcp.log" using 1:2
        format = x:z
        #datapoints = 10
        residuals are weighted equally (unit weight)

function used for fitting: f(x)
fitted parameters initialized with current variable values



 Iteration 0
 WSSR        : 1.56423e+23       delta(WSSR)/WSSR   : 0
 delta(WSSR) : 0                 limit for stopping : 1e-05
 lambda	  : 438.748

initial set of free parameter values

a               = 10
b               = 1e-30

After 3 iterations the fit converged.
final sum of squares of residuals : 1.38561e+20
rel. change during last iteration : -6.38764e-07

degrees of freedom    (FIT_NDF)                        : 8
rms of residuals      (FIT_STDFIT) = sqrt(WSSR/ndf)    : 4.16175e+09
variance of residuals (reduced chisquare) = WSSR/ndf   : 1.73202e+19

BREAK:          Singular matrix in Invert_RtR



*******************************************************************************
Sat Jul 30 02:24:30 2016


FIT:    data read from "/tmp/makedhcp.log" using 1:2
        format = x:z
        #datapoints = 10
        residuals are weighted equally (unit weight)

function used for fitting: f(x)
fitted parameters initialized with current variable values



 Iteration 0
 WSSR        : 1.56423e+23       delta(WSSR)/WSSR   : 0
 delta(WSSR) : 0                 limit for stopping : 1e-05
 lambda	  : 438.748

initial set of free parameter values

a               = 10
b               = 1e-30

After 3 iterations the fit converged.
final sum of squares of residuals : 1.38561e+20
rel. change during last iteration : -6.38764e-07

degrees of freedom    (FIT_NDF)                        : 8
rms of residuals      (FIT_STDFIT) = sqrt(WSSR/ndf)    : 4.16175e+09
variance of residuals (reduced chisquare) = WSSR/ndf   : 1.73202e+19

BREAK:          Singular matrix in Invert_RtR



*******************************************************************************
Sat Jul 30 02:34:13 2016


FIT:    data read from "/tmp/makedhcp.log" using 1:2
        format = x:z
        #datapoints = 10
        residuals are weighted equally (unit weight)

function used for fitting: f(x)
fitted parameters initialized with current variable values



 Iteration 0
 WSSR        : 1.56423e+23       delta(WSSR)/WSSR   : 0
 delta(WSSR) : 0                 limit for stopping : 1e-05
 lambda	  : 438.748

initial set of free parameter values

a               = 10
b               = 1e-30

After 3 iterations the fit converged.
final sum of squares of residuals : 1.38561e+20
rel. change during last iteration : -6.38764e-07

degrees of freedom    (FIT_NDF)                        : 8
rms of residuals      (FIT_STDFIT) = sqrt(WSSR/ndf)    : 4.16175e+09
variance of residuals (reduced chisquare) = WSSR/ndf   : 1.73202e+19

BREAK:          Singular matrix in Invert_RtR



*******************************************************************************
Sat Jul 30 02:51:42 2016


FIT:    data read from "/tmp/makedhcp.log" using 1:2
        format = x:z
        #datapoints = 10
        residuals are weighted equally (unit weight)

function used for fitting: timemkdhcp(x)
fitted parameters initialized with current variable values



 Iteration 0
 WSSR        : 1.56423e+23       delta(WSSR)/WSSR   : 0
 delta(WSSR) : 0                 limit for stopping : 1e-05
 lambda	  : 438.749

initial set of free parameter values

a               = 1
b               = 1

After 6 iterations the fit converged.
final sum of squares of residuals : 3.58044e+19
rel. change during last iteration : -1.26895e-08

degrees of freedom    (FIT_NDF)                        : 8
rms of residuals      (FIT_STDFIT) = sqrt(WSSR/ndf)    : 2.11555e+09
variance of residuals (reduced chisquare) = WSSR/ndf   : 4.47555e+18

Final set of parameters            Asymptotic Standard Error
=======================            ==========================

a               = 1.91585e+08      +/- 2.329e+06    (1.216%)
b               = 6.92483e+09      +/- 1.445e+09    (20.87%)


correlation matrix of the fit parameters:

               a      b      
a               1.000 
b              -0.886  1.000 


*******************************************************************************
Sat Jul 30 02:51:42 2016


FIT:    data read from "/tmp/makedhcp.log" using 1:3
        format = x:z
        #datapoints = 10
        residuals are weighted equally (unit weight)

function used for fitting: timermdhcp(x)
fitted parameters initialized with current variable values



 Iteration 0
 WSSR        : 2.46912e+23       delta(WSSR)/WSSR   : 0
 delta(WSSR) : 0                 limit for stopping : 1e-05
 lambda	  : 438.749

initial set of free parameter values

c               = 1
d               = 1

After 6 iterations the fit converged.
final sum of squares of residuals : 3.4832e+19
rel. change during last iteration : -1.19503e-11

degrees of freedom    (FIT_NDF)                        : 8
rms of residuals      (FIT_STDFIT) = sqrt(WSSR/ndf)    : 2.08662e+09
variance of residuals (reduced chisquare) = WSSR/ndf   : 4.354e+18

Final set of parameters            Asymptotic Standard Error
=======================            ==========================

c               = 2.52927e+08      +/- 2.297e+06    (0.9083%)
d               = 2.09993e+08      +/- 1.425e+09    (678.8%)


correlation matrix of the fit parameters:

               c      d      
c               1.000 
d              -0.886  1.000 


*******************************************************************************
Sat Jul 30 02:55:39 2016


FIT:    data read from "/tmp/makedhcp.log" using 1:2
        format = x:z
        #datapoints = 10
        residuals are weighted equally (unit weight)

function used for fitting: timemkdhcp(x)
fitted parameters initialized with current variable values



 Iteration 0
 WSSR        : 1.54873e+11       delta(WSSR)/WSSR   : 0
 delta(WSSR) : 0                 limit for stopping : 1e-05
 lambda	  : 438.749

initial set of free parameter values

a               = 1
b               = 1

After 6 iterations the fit converged.
final sum of squares of residuals : 3.5806e+07
rel. change during last iteration : -1.26852e-08

degrees of freedom    (FIT_NDF)                        : 8
rms of residuals      (FIT_STDFIT) = sqrt(WSSR/ndf)    : 2115.6
variance of residuals (reduced chisquare) = WSSR/ndf   : 4.47575e+06

Final set of parameters            Asymptotic Standard Error
=======================            ==========================

a               = 191.585          +/- 2.329        (1.216%)
b               = 6924.81          +/- 1445         (20.87%)


correlation matrix of the fit parameters:

               a      b      
a               1.000 
b              -0.886  1.000 


*******************************************************************************
Sat Jul 30 02:55:39 2016


FIT:    data read from "/tmp/makedhcp.log" using 1:3
        format = x:z
        #datapoints = 10
        residuals are weighted equally (unit weight)

function used for fitting: timermdhcp(x)
fitted parameters initialized with current variable values



 Iteration 0
 WSSR        : 2.44963e+11       delta(WSSR)/WSSR   : 0
 delta(WSSR) : 0                 limit for stopping : 1e-05
 lambda	  : 438.749

initial set of free parameter values

c               = 1
d               = 1

After 6 iterations the fit converged.
final sum of squares of residuals : 3.48311e+07
rel. change during last iteration : -1.18493e-11

degrees of freedom    (FIT_NDF)                        : 8
rms of residuals      (FIT_STDFIT) = sqrt(WSSR/ndf)    : 2086.6
variance of residuals (reduced chisquare) = WSSR/ndf   : 4.35389e+06

Final set of parameters            Asymptotic Standard Error
=======================            ==========================

c               = 252.927          +/- 2.297        (0.9083%)
d               = 210.013          +/- 1425         (678.7%)


correlation matrix of the fit parameters:

               c      d      
c               1.000 
d              -0.886  1.000 


*******************************************************************************
Sat Jul 30 03:03:30 2016


FIT:    data read from "/tmp/makedhcp.log" using 1:2
        format = x:z
        #datapoints = 10
        residuals are weighted equally (unit weight)

function used for fitting: timemkdhcp(x)
fitted parameters initialized with current variable values



 Iteration 0
 WSSR        : 1.54873e+11       delta(WSSR)/WSSR   : 0
 delta(WSSR) : 0                 limit for stopping : 1e-05
 lambda	  : 438.749

initial set of free parameter values

a               = 1
b               = 1

After 6 iterations the fit converged.
final sum of squares of residuals : 3.5806e+07
rel. change during last iteration : -1.26852e-08

degrees of freedom    (FIT_NDF)                        : 8
rms of residuals      (FIT_STDFIT) = sqrt(WSSR/ndf)    : 2115.6
variance of residuals (reduced chisquare) = WSSR/ndf   : 4.47575e+06

Final set of parameters            Asymptotic Standard Error
=======================            ==========================

a               = 191.585          +/- 2.329        (1.216%)
b               = 6924.81          +/- 1445         (20.87%)


correlation matrix of the fit parameters:

               a      b      
a               1.000 
b              -0.886  1.000 


*******************************************************************************
Sat Jul 30 03:03:30 2016


FIT:    data read from "/tmp/makedhcp.log" using 1:3
        format = x:z
        #datapoints = 10
        residuals are weighted equally (unit weight)

function used for fitting: timermdhcp(x)
fitted parameters initialized with current variable values



 Iteration 0
 WSSR        : 2.44963e+11       delta(WSSR)/WSSR   : 0
 delta(WSSR) : 0                 limit for stopping : 1e-05
 lambda	  : 438.749

initial set of free parameter values

c               = 1
d               = 1

After 6 iterations the fit converged.
final sum of squares of residuals : 3.48311e+07
rel. change during last iteration : -1.18493e-11

degrees of freedom    (FIT_NDF)                        : 8
rms of residuals      (FIT_STDFIT) = sqrt(WSSR/ndf)    : 2086.6
variance of residuals (reduced chisquare) = WSSR/ndf   : 4.35389e+06

Final set of parameters            Asymptotic Standard Error
=======================            ==========================

c               = 252.927          +/- 2.297        (0.9083%)
d               = 210.013          +/- 1425         (678.7%)


correlation matrix of the fit parameters:

               c      d      
c               1.000 
d              -0.886  1.000 


*******************************************************************************
Sat Jul 30 03:04:37 2016


FIT:    data read from "/tmp/makedhcp.log" using 1:2
        format = x:z
        #datapoints = 10
        residuals are weighted equally (unit weight)

function used for fitting: timemkdhcp(x)
fitted parameters initialized with current variable values



 Iteration 0
 WSSR        : 1.54873e+11       delta(WSSR)/WSSR   : 0
 delta(WSSR) : 0                 limit for stopping : 1e-05
 lambda	  : 438.749

initial set of free parameter values

a               = 1
b               = 1

After 6 iterations the fit converged.
final sum of squares of residuals : 3.5806e+07
rel. change during last iteration : -1.26852e-08

degrees of freedom    (FIT_NDF)                        : 8
rms of residuals      (FIT_STDFIT) = sqrt(WSSR/ndf)    : 2115.6
variance of residuals (reduced chisquare) = WSSR/ndf   : 4.47575e+06

Final set of parameters            Asymptotic Standard Error
=======================            ==========================

a               = 191.585          +/- 2.329        (1.216%)
b               = 6924.81          +/- 1445         (20.87%)


correlation matrix of the fit parameters:

               a      b      
a               1.000 
b              -0.886  1.000 


*******************************************************************************
Sat Jul 30 03:04:37 2016


FIT:    data read from "/tmp/makedhcp.log" using 1:3
        format = x:z
        #datapoints = 10
        residuals are weighted equally (unit weight)

function used for fitting: timermdhcp(x)
fitted parameters initialized with current variable values



 Iteration 0
 WSSR        : 2.44963e+11       delta(WSSR)/WSSR   : 0
 delta(WSSR) : 0                 limit for stopping : 1e-05
 lambda	  : 438.749

initial set of free parameter values

c               = 1
d               = 1

After 6 iterations the fit converged.
final sum of squares of residuals : 3.48311e+07
rel. change during last iteration : -1.18493e-11

degrees of freedom    (FIT_NDF)                        : 8
rms of residuals      (FIT_STDFIT) = sqrt(WSSR/ndf)    : 2086.6
variance of residuals (reduced chisquare) = WSSR/ndf   : 4.35389e+06

Final set of parameters            Asymptotic Standard Error
=======================            ==========================

c               = 252.927          +/- 2.297        (0.9083%)
d               = 210.013          +/- 1425         (678.7%)


correlation matrix of the fit parameters:

               c      d      
c               1.000 
d              -0.886  1.000 


*******************************************************************************
Sat Jul 30 03:06:18 2016


FIT:    data read from "/tmp/makedhcp.log" using 1:2
        format = x:z
        #datapoints = 10
        residuals are weighted equally (unit weight)

function used for fitting: timemkdhcp(x)
fitted parameters initialized with current variable values



 Iteration 0
 WSSR        : 1.54873e+11       delta(WSSR)/WSSR   : 0
 delta(WSSR) : 0                 limit for stopping : 1e-05
 lambda	  : 438.749

initial set of free parameter values

a               = 1
b               = 1

After 6 iterations the fit converged.
final sum of squares of residuals : 3.5806e+07
rel. change during last iteration : -1.26852e-08

degrees of freedom    (FIT_NDF)                        : 8
rms of residuals      (FIT_STDFIT) = sqrt(WSSR/ndf)    : 2115.6
variance of residuals (reduced chisquare) = WSSR/ndf   : 4.47575e+06

Final set of parameters            Asymptotic Standard Error
=======================            ==========================

a               = 191.585          +/- 2.329        (1.216%)
b               = 6924.81          +/- 1445         (20.87%)


correlation matrix of the fit parameters:

               a      b      
a               1.000 
b              -0.886  1.000 


*******************************************************************************
Sat Jul 30 03:06:18 2016


FIT:    data read from "/tmp/makedhcp.log" using 1:3
        format = x:z
        #datapoints = 10
        residuals are weighted equally (unit weight)

function used for fitting: timermdhcp(x)
fitted parameters initialized with current variable values



 Iteration 0
 WSSR        : 2.44963e+11       delta(WSSR)/WSSR   : 0
 delta(WSSR) : 0                 limit for stopping : 1e-05
 lambda	  : 438.749

initial set of free parameter values

c               = 1
d               = 1

After 6 iterations the fit converged.
final sum of squares of residuals : 3.48311e+07
rel. change during last iteration : -1.18493e-11

degrees of freedom    (FIT_NDF)                        : 8
rms of residuals      (FIT_STDFIT) = sqrt(WSSR/ndf)    : 2086.6
variance of residuals (reduced chisquare) = WSSR/ndf   : 4.35389e+06

Final set of parameters            Asymptotic Standard Error
=======================            ==========================

c               = 252.927          +/- 2.297        (0.9083%)
d               = 210.013          +/- 1425         (678.7%)


correlation matrix of the fit parameters:

               c      d      
c               1.000 
d              -0.886  1.000 


*******************************************************************************
Sat Jul 30 03:08:55 2016


FIT:    data read from "/tmp/makedhcp.log" using 1:2
        format = x:z
        #datapoints = 10
        residuals are weighted equally (unit weight)

function used for fitting: timemkdhcp(x)
fitted parameters initialized with current variable values



 Iteration 0
 WSSR        : 1.54873e+11       delta(WSSR)/WSSR   : 0
 delta(WSSR) : 0                 limit for stopping : 1e-05
 lambda	  : 438.749

initial set of free parameter values

a               = 1
b               = 1

After 6 iterations the fit converged.
final sum of squares of residuals : 3.5806e+07
rel. change during last iteration : -1.26852e-08

degrees of freedom    (FIT_NDF)                        : 8
rms of residuals      (FIT_STDFIT) = sqrt(WSSR/ndf)    : 2115.6
variance of residuals (reduced chisquare) = WSSR/ndf   : 4.47575e+06

Final set of parameters            Asymptotic Standard Error
=======================            ==========================

a               = 191.585          +/- 2.329        (1.216%)
b               = 6924.81          +/- 1445         (20.87%)


correlation matrix of the fit parameters:

               a      b      
a               1.000 
b              -0.886  1.000 


*******************************************************************************
Sat Jul 30 03:08:55 2016


FIT:    data read from "/tmp/makedhcp.log" using 1:3
        format = x:z
        #datapoints = 10
        residuals are weighted equally (unit weight)

function used for fitting: timermdhcp(x)
fitted parameters initialized with current variable values



 Iteration 0
 WSSR        : 2.44963e+11       delta(WSSR)/WSSR   : 0
 delta(WSSR) : 0                 limit for stopping : 1e-05
 lambda	  : 438.749

initial set of free parameter values

c               = 1
d               = 1

After 6 iterations the fit converged.
final sum of squares of residuals : 3.48311e+07
rel. change during last iteration : -1.18493e-11

degrees of freedom    (FIT_NDF)                        : 8
rms of residuals      (FIT_STDFIT) = sqrt(WSSR/ndf)    : 2086.6
variance of residuals (reduced chisquare) = WSSR/ndf   : 4.35389e+06

Final set of parameters            Asymptotic Standard Error
=======================            ==========================

c               = 252.927          +/- 2.297        (0.9083%)
d               = 210.013          +/- 1425         (678.7%)


correlation matrix of the fit parameters:

               c      d      
c               1.000 
d              -0.886  1.000 


*******************************************************************************
Sat Jul 30 03:10:00 2016


FIT:    data read from "/tmp/makedhcp.log" using 1:2
        format = x:z
        #datapoints = 10
        residuals are weighted equally (unit weight)

function used for fitting: timemkdhcp(x)
fitted parameters initialized with current variable values



 Iteration 0
 WSSR        : 1.54873e+11       delta(WSSR)/WSSR   : 0
 delta(WSSR) : 0                 limit for stopping : 1e-05
 lambda	  : 438.749

initial set of free parameter values

a               = 1
b               = 1

After 6 iterations the fit converged.
final sum of squares of residuals : 3.5806e+07
rel. change during last iteration : -1.26852e-08

degrees of freedom    (FIT_NDF)                        : 8
rms of residuals      (FIT_STDFIT) = sqrt(WSSR/ndf)    : 2115.6
variance of residuals (reduced chisquare) = WSSR/ndf   : 4.47575e+06

Final set of parameters            Asymptotic Standard Error
=======================            ==========================

a               = 191.585          +/- 2.329        (1.216%)
b               = 6924.81          +/- 1445         (20.87%)


correlation matrix of the fit parameters:

               a      b      
a               1.000 
b              -0.886  1.000 


*******************************************************************************
Sat Jul 30 03:10:00 2016


FIT:    data read from "/tmp/makedhcp.log" using 1:3
        format = x:z
        #datapoints = 10
        residuals are weighted equally (unit weight)

function used for fitting: timermdhcp(x)
fitted parameters initialized with current variable values



 Iteration 0
 WSSR        : 2.44963e+11       delta(WSSR)/WSSR   : 0
 delta(WSSR) : 0                 limit for stopping : 1e-05
 lambda	  : 438.749

initial set of free parameter values

c               = 1
d               = 1

After 6 iterations the fit converged.
final sum of squares of residuals : 3.48311e+07
rel. change during last iteration : -1.18493e-11

degrees of freedom    (FIT_NDF)                        : 8
rms of residuals      (FIT_STDFIT) = sqrt(WSSR/ndf)    : 2086.6
variance of residuals (reduced chisquare) = WSSR/ndf   : 4.35389e+06

Final set of parameters            Asymptotic Standard Error
=======================            ==========================

c               = 252.927          +/- 2.297        (0.9083%)
d               = 210.013          +/- 1425         (678.7%)


correlation matrix of the fit parameters:

               c      d      
c               1.000 
d              -0.886  1.000 


*******************************************************************************
Sat Jul 30 03:11:02 2016


FIT:    data read from "/tmp/makedhcp.log" using 1:2
        format = x:z
        #datapoints = 10
        residuals are weighted equally (unit weight)

function used for fitting: timemkdhcp(x)
fitted parameters initialized with current variable values



 Iteration 0
 WSSR        : 1.54873e+11       delta(WSSR)/WSSR   : 0
 delta(WSSR) : 0                 limit for stopping : 1e-05
 lambda	  : 438.749

initial set of free parameter values

a               = 1
b               = 1

After 6 iterations the fit converged.
final sum of squares of residuals : 3.5806e+07
rel. change during last iteration : -1.26852e-08

degrees of freedom    (FIT_NDF)                        : 8
rms of residuals      (FIT_STDFIT) = sqrt(WSSR/ndf)    : 2115.6
variance of residuals (reduced chisquare) = WSSR/ndf   : 4.47575e+06

Final set of parameters            Asymptotic Standard Error
=======================            ==========================

a               = 191.585          +/- 2.329        (1.216%)
b               = 6924.81          +/- 1445         (20.87%)


correlation matrix of the fit parameters:

               a      b      
a               1.000 
b              -0.886  1.000 


*******************************************************************************
Sat Jul 30 03:11:02 2016


FIT:    data read from "/tmp/makedhcp.log" using 1:3
        format = x:z
        #datapoints = 10
        residuals are weighted equally (unit weight)

function used for fitting: timermdhcp(x)
fitted parameters initialized with current variable values



 Iteration 0
 WSSR        : 2.44963e+11       delta(WSSR)/WSSR   : 0
 delta(WSSR) : 0                 limit for stopping : 1e-05
 lambda	  : 438.749

initial set of free parameter values

c               = 1
d               = 1

After 6 iterations the fit converged.
final sum of squares of residuals : 3.48311e+07
rel. change during last iteration : -1.18493e-11

degrees of freedom    (FIT_NDF)                        : 8
rms of residuals      (FIT_STDFIT) = sqrt(WSSR/ndf)    : 2086.6
variance of residuals (reduced chisquare) = WSSR/ndf   : 4.35389e+06

Final set of parameters            Asymptotic Standard Error
=======================            ==========================

c               = 252.927          +/- 2.297        (0.9083%)
d               = 210.013          +/- 1425         (678.7%)


correlation matrix of the fit parameters:

               c      d      
c               1.000 
d              -0.886  1.000 


*******************************************************************************
Sat Jul 30 03:14:01 2016


FIT:    data read from "/tmp/makedhcp.log" using 1:2
        format = x:z
        #datapoints = 10
        residuals are weighted equally (unit weight)

function used for fitting: timemkdhcp(x)
fitted parameters initialized with current variable values



 Iteration 0
 WSSR        : 1.54873e+11       delta(WSSR)/WSSR   : 0
 delta(WSSR) : 0                 limit for stopping : 1e-05
 lambda	  : 438.749

initial set of free parameter values

a               = 1
b               = 1

After 6 iterations the fit converged.
final sum of squares of residuals : 3.5806e+07
rel. change during last iteration : -1.26852e-08

degrees of freedom    (FIT_NDF)                        : 8
rms of residuals      (FIT_STDFIT) = sqrt(WSSR/ndf)    : 2115.6
variance of residuals (reduced chisquare) = WSSR/ndf   : 4.47575e+06

Final set of parameters            Asymptotic Standard Error
=======================            ==========================

a               = 191.585          +/- 2.329        (1.216%)
b               = 6924.81          +/- 1445         (20.87%)


correlation matrix of the fit parameters:

               a      b      
a               1.000 
b              -0.886  1.000 


*******************************************************************************
Sat Jul 30 03:14:01 2016


FIT:    data read from "/tmp/makedhcp.log" using 1:3
        format = x:z
        #datapoints = 10
        residuals are weighted equally (unit weight)

function used for fitting: timermdhcp(x)
fitted parameters initialized with current variable values



 Iteration 0
 WSSR        : 2.44963e+11       delta(WSSR)/WSSR   : 0
 delta(WSSR) : 0                 limit for stopping : 1e-05
 lambda	  : 438.749

initial set of free parameter values

c               = 1
d               = 1

After 6 iterations the fit converged.
final sum of squares of residuals : 3.48311e+07
rel. change during last iteration : -1.18493e-11

degrees of freedom    (FIT_NDF)                        : 8
rms of residuals      (FIT_STDFIT) = sqrt(WSSR/ndf)    : 2086.6
variance of residuals (reduced chisquare) = WSSR/ndf   : 4.35389e+06

Final set of parameters            Asymptotic Standard Error
=======================            ==========================

c               = 252.927          +/- 2.297        (0.9083%)
d               = 210.013          +/- 1425         (678.7%)


correlation matrix of the fit parameters:

               c      d      
c               1.000 
d              -0.886  1.000 


*******************************************************************************
Sat Jul 30 03:14:51 2016


FIT:    data read from "/tmp/makedhcp.log" using 1:2
        format = x:z
        #datapoints = 10
        residuals are weighted equally (unit weight)

function used for fitting: timemkdhcp(x)
fitted parameters initialized with current variable values



 Iteration 0
 WSSR        : 1.54873e+11       delta(WSSR)/WSSR   : 0
 delta(WSSR) : 0                 limit for stopping : 1e-05
 lambda	  : 438.749

initial set of free parameter values

a               = 1
b               = 1

After 6 iterations the fit converged.
final sum of squares of residuals : 3.5806e+07
rel. change during last iteration : -1.26852e-08

degrees of freedom    (FIT_NDF)                        : 8
rms of residuals      (FIT_STDFIT) = sqrt(WSSR/ndf)    : 2115.6
variance of residuals (reduced chisquare) = WSSR/ndf   : 4.47575e+06

Final set of parameters            Asymptotic Standard Error
=======================            ==========================

a               = 191.585          +/- 2.329        (1.216%)
b               = 6924.81          +/- 1445         (20.87%)


correlation matrix of the fit parameters:

               a      b      
a               1.000 
b              -0.886  1.000 


*******************************************************************************
Sat Jul 30 03:14:51 2016


FIT:    data read from "/tmp/makedhcp.log" using 1:3
        format = x:z
        #datapoints = 10
        residuals are weighted equally (unit weight)

function used for fitting: timermdhcp(x)
fitted parameters initialized with current variable values



 Iteration 0
 WSSR        : 2.44963e+11       delta(WSSR)/WSSR   : 0
 delta(WSSR) : 0                 limit for stopping : 1e-05
 lambda	  : 438.749

initial set of free parameter values

c               = 1
d               = 1

After 6 iterations the fit converged.
final sum of squares of residuals : 3.48311e+07
rel. change during last iteration : -1.18493e-11

degrees of freedom    (FIT_NDF)                        : 8
rms of residuals      (FIT_STDFIT) = sqrt(WSSR/ndf)    : 2086.6
variance of residuals (reduced chisquare) = WSSR/ndf   : 4.35389e+06

Final set of parameters            Asymptotic Standard Error
=======================            ==========================

c               = 252.927          +/- 2.297        (0.9083%)
d               = 210.013          +/- 1425         (678.7%)


correlation matrix of the fit parameters:

               c      d      
c               1.000 
d              -0.886  1.000 


*******************************************************************************
Sat Jul 30 03:19:18 2016


FIT:    data read from "/tmp/makedhcp.log" using 1:2
        format = x:z
        #datapoints = 10
        residuals are weighted equally (unit weight)

function used for fitting: timemkdhcp(x)
fitted parameters initialized with current variable values



 Iteration 0
 WSSR        : 1.54873e+11       delta(WSSR)/WSSR   : 0
 delta(WSSR) : 0                 limit for stopping : 1e-05
 lambda	  : 438.749

initial set of free parameter values

a               = 1
b               = 1

After 6 iterations the fit converged.
final sum of squares of residuals : 3.5806e+07
rel. change during last iteration : -1.26852e-08

degrees of freedom    (FIT_NDF)                        : 8
rms of residuals      (FIT_STDFIT) = sqrt(WSSR/ndf)    : 2115.6
variance of residuals (reduced chisquare) = WSSR/ndf   : 4.47575e+06

Final set of parameters            Asymptotic Standard Error
=======================            ==========================

a               = 191.585          +/- 2.329        (1.216%)
b               = 6924.81          +/- 1445         (20.87%)


correlation matrix of the fit parameters:

               a      b      
a               1.000 
b              -0.886  1.000 


*******************************************************************************
Sat Jul 30 03:19:18 2016


FIT:    data read from "/tmp/makedhcp.log" using 1:3
        format = x:z
        #datapoints = 10
        residuals are weighted equally (unit weight)

function used for fitting: timermdhcp(x)
fitted parameters initialized with current variable values



 Iteration 0
 WSSR        : 2.44963e+11       delta(WSSR)/WSSR   : 0
 delta(WSSR) : 0                 limit for stopping : 1e-05
 lambda	  : 438.749

initial set of free parameter values

c               = 1
d               = 1

After 6 iterations the fit converged.
final sum of squares of residuals : 3.48311e+07
rel. change during last iteration : -1.18493e-11

degrees of freedom    (FIT_NDF)                        : 8
rms of residuals      (FIT_STDFIT) = sqrt(WSSR/ndf)    : 2086.6
variance of residuals (reduced chisquare) = WSSR/ndf   : 4.35389e+06

Final set of parameters            Asymptotic Standard Error
=======================            ==========================

c               = 252.927          +/- 2.297        (0.9083%)
d               = 210.013          +/- 1425         (678.7%)


correlation matrix of the fit parameters:

               c      d      
c               1.000 
d              -0.886  1.000 


*******************************************************************************
Sat Jul 30 03:20:27 2016


FIT:    data read from "/tmp/makedhcp.log" using 1:2
        format = x:z
        #datapoints = 10
        residuals are weighted equally (unit weight)

function used for fitting: timemkdhcp(x)
fitted parameters initialized with current variable values



 Iteration 0
 WSSR        : 1.54873e+11       delta(WSSR)/WSSR   : 0
 delta(WSSR) : 0                 limit for stopping : 1e-05
 lambda	  : 438.749

initial set of free parameter values

a               = 1
b               = 1

After 6 iterations the fit converged.
final sum of squares of residuals : 3.5806e+07
rel. change during last iteration : -1.26852e-08

degrees of freedom    (FIT_NDF)                        : 8
rms of residuals      (FIT_STDFIT) = sqrt(WSSR/ndf)    : 2115.6
variance of residuals (reduced chisquare) = WSSR/ndf   : 4.47575e+06

Final set of parameters            Asymptotic Standard Error
=======================            ==========================

a               = 191.585          +/- 2.329        (1.216%)
b               = 6924.81          +/- 1445         (20.87%)


correlation matrix of the fit parameters:

               a      b      
a               1.000 
b              -0.886  1.000 


*******************************************************************************
Sat Jul 30 03:20:27 2016


FIT:    data read from "/tmp/makedhcp.log" using 1:3
        format = x:z
        #datapoints = 10
        residuals are weighted equally (unit weight)

function used for fitting: timermdhcp(x)
fitted parameters initialized with current variable values



 Iteration 0
 WSSR        : 2.44963e+11       delta(WSSR)/WSSR   : 0
 delta(WSSR) : 0                 limit for stopping : 1e-05
 lambda	  : 438.749

initial set of free parameter values

c               = 1
d               = 1

After 6 iterations the fit converged.
final sum of squares of residuals : 3.48311e+07
rel. change during last iteration : -1.18493e-11

degrees of freedom    (FIT_NDF)                        : 8
rms of residuals      (FIT_STDFIT) = sqrt(WSSR/ndf)    : 2086.6
variance of residuals (reduced chisquare) = WSSR/ndf   : 4.35389e+06

Final set of parameters            Asymptotic Standard Error
=======================            ==========================

c               = 252.927          +/- 2.297        (0.9083%)
d               = 210.013          +/- 1425         (678.7%)


correlation matrix of the fit parameters:

               c      d      
c               1.000 
d              -0.886  1.000 


*******************************************************************************
Sat Jul 30 03:21:54 2016


FIT:    data read from "/tmp/makedhcp.log" using 1:2
        format = x:z
        #datapoints = 10
        residuals are weighted equally (unit weight)

function used for fitting: timemkdhcp(x)
fitted parameters initialized with current variable values



 Iteration 0
 WSSR        : 1.54873e+11       delta(WSSR)/WSSR   : 0
 delta(WSSR) : 0                 limit for stopping : 1e-05
 lambda	  : 438.749

initial set of free parameter values

a               = 1
b               = 1

After 6 iterations the fit converged.
final sum of squares of residuals : 3.5806e+07
rel. change during last iteration : -1.26852e-08

degrees of freedom    (FIT_NDF)                        : 8
rms of residuals      (FIT_STDFIT) = sqrt(WSSR/ndf)    : 2115.6
variance of residuals (reduced chisquare) = WSSR/ndf   : 4.47575e+06

Final set of parameters            Asymptotic Standard Error
=======================            ==========================

a               = 191.585          +/- 2.329        (1.216%)
b               = 6924.81          +/- 1445         (20.87%)


correlation matrix of the fit parameters:

               a      b      
a               1.000 
b              -0.886  1.000 


*******************************************************************************
Sat Jul 30 03:21:54 2016


FIT:    data read from "/tmp/makedhcp.log" using 1:3
        format = x:z
        #datapoints = 10
        residuals are weighted equally (unit weight)

function used for fitting: timermdhcp(x)
fitted parameters initialized with current variable values



 Iteration 0
 WSSR        : 2.44963e+11       delta(WSSR)/WSSR   : 0
 delta(WSSR) : 0                 limit for stopping : 1e-05
 lambda	  : 438.749

initial set of free parameter values

c               = 1
d               = 1

After 6 iterations the fit converged.
final sum of squares of residuals : 3.48311e+07
rel. change during last iteration : -1.18493e-11

degrees of freedom    (FIT_NDF)                        : 8
rms of residuals      (FIT_STDFIT) = sqrt(WSSR/ndf)    : 2086.6
variance of residuals (reduced chisquare) = WSSR/ndf   : 4.35389e+06

Final set of parameters            Asymptotic Standard Error
=======================            ==========================

c               = 252.927          +/- 2.297        (0.9083%)
d               = 210.013          +/- 1425         (678.7%)


correlation matrix of the fit parameters:

               c      d      
c               1.000 
d              -0.886  1.000 


*******************************************************************************
Sat Jul 30 03:22:39 2016


FIT:    data read from "/tmp/makedhcp.log" using 1:2
        format = x:z
        #datapoints = 10
        residuals are weighted equally (unit weight)

function used for fitting: timemkdhcp(x)
fitted parameters initialized with current variable values



 Iteration 0
 WSSR        : 1.54873e+11       delta(WSSR)/WSSR   : 0
 delta(WSSR) : 0                 limit for stopping : 1e-05
 lambda	  : 438.749

initial set of free parameter values

a               = 1
b               = 1

After 6 iterations the fit converged.
final sum of squares of residuals : 3.5806e+07
rel. change during last iteration : -1.26852e-08

degrees of freedom    (FIT_NDF)                        : 8
rms of residuals      (FIT_STDFIT) = sqrt(WSSR/ndf)    : 2115.6
variance of residuals (reduced chisquare) = WSSR/ndf   : 4.47575e+06

Final set of parameters            Asymptotic Standard Error
=======================            ==========================

a               = 191.585          +/- 2.329        (1.216%)
b               = 6924.81          +/- 1445         (20.87%)


correlation matrix of the fit parameters:

               a      b      
a               1.000 
b              -0.886  1.000 


*******************************************************************************
Sat Jul 30 03:22:39 2016


FIT:    data read from "/tmp/makedhcp.log" using 1:3
        format = x:z
        #datapoints = 10
        residuals are weighted equally (unit weight)

function used for fitting: timermdhcp(x)
fitted parameters initialized with current variable values



 Iteration 0
 WSSR        : 2.44963e+11       delta(WSSR)/WSSR   : 0
 delta(WSSR) : 0                 limit for stopping : 1e-05
 lambda	  : 438.749

initial set of free parameter values

c               = 1
d               = 1

After 6 iterations the fit converged.
final sum of squares of residuals : 3.48311e+07
rel. change during last iteration : -1.18493e-11

degrees of freedom    (FIT_NDF)                        : 8
rms of residuals      (FIT_STDFIT) = sqrt(WSSR/ndf)    : 2086.6
variance of residuals (reduced chisquare) = WSSR/ndf   : 4.35389e+06

Final set of parameters            Asymptotic Standard Error
=======================            ==========================

c               = 252.927          +/- 2.297        (0.9083%)
d               = 210.013          +/- 1425         (678.7%)


correlation matrix of the fit parameters:

               c      d      
c               1.000 
d              -0.886  1.000 


*******************************************************************************
Sat Jul 30 03:28:05 2016


FIT:    data read from "/tmp/makedhcp.log" using 1:2
        format = x:z
        #datapoints = 10
        residuals are weighted equally (unit weight)

function used for fitting: timemkdhcp(x)
fitted parameters initialized with current variable values



 Iteration 0
 WSSR        : 1.54873e+11       delta(WSSR)/WSSR   : 0
 delta(WSSR) : 0                 limit for stopping : 1e-05
 lambda	  : 438.749

initial set of free parameter values

a               = 1
b               = 1

After 6 iterations the fit converged.
final sum of squares of residuals : 3.5806e+07
rel. change during last iteration : -1.26852e-08

degrees of freedom    (FIT_NDF)                        : 8
rms of residuals      (FIT_STDFIT) = sqrt(WSSR/ndf)    : 2115.6
variance of residuals (reduced chisquare) = WSSR/ndf   : 4.47575e+06

Final set of parameters            Asymptotic Standard Error
=======================            ==========================

a               = 191.585          +/- 2.329        (1.216%)
b               = 6924.81          +/- 1445         (20.87%)


correlation matrix of the fit parameters:

               a      b      
a               1.000 
b              -0.886  1.000 


*******************************************************************************
Sat Jul 30 03:28:05 2016


FIT:    data read from "/tmp/makedhcp.log" using 1:3
        format = x:z
        #datapoints = 10
        residuals are weighted equally (unit weight)

function used for fitting: timermdhcp(x)
fitted parameters initialized with current variable values



 Iteration 0
 WSSR        : 2.44963e+11       delta(WSSR)/WSSR   : 0
 delta(WSSR) : 0                 limit for stopping : 1e-05
 lambda	  : 438.749

initial set of free parameter values

c               = 1
d               = 1

After 6 iterations the fit converged.
final sum of squares of residuals : 3.48311e+07
rel. change during last iteration : -1.18493e-11

degrees of freedom    (FIT_NDF)                        : 8
rms of residuals      (FIT_STDFIT) = sqrt(WSSR/ndf)    : 2086.6
variance of residuals (reduced chisquare) = WSSR/ndf   : 4.35389e+06

Final set of parameters            Asymptotic Standard Error
=======================            ==========================

c               = 252.927          +/- 2.297        (0.9083%)
d               = 210.013          +/- 1425         (678.7%)


correlation matrix of the fit parameters:

               c      d      
c               1.000 
d              -0.886  1.000 


*******************************************************************************
Sat Jul 30 03:31:26 2016


FIT:    data read from "/tmp/makedhcp.log" using 1:2
        format = x:z
        #datapoints = 10
        residuals are weighted equally (unit weight)

function used for fitting: timemkdhcp(x)
fitted parameters initialized with current variable values



 Iteration 0
 WSSR        : 1.54873e+11       delta(WSSR)/WSSR   : 0
 delta(WSSR) : 0                 limit for stopping : 1e-05
 lambda	  : 438.749

initial set of free parameter values

a               = 1
b               = 1

After 6 iterations the fit converged.
final sum of squares of residuals : 3.5806e+07
rel. change during last iteration : -1.26852e-08

degrees of freedom    (FIT_NDF)                        : 8
rms of residuals      (FIT_STDFIT) = sqrt(WSSR/ndf)    : 2115.6
variance of residuals (reduced chisquare) = WSSR/ndf   : 4.47575e+06

Final set of parameters            Asymptotic Standard Error
=======================            ==========================

a               = 191.585          +/- 2.329        (1.216%)
b               = 6924.81          +/- 1445         (20.87%)


correlation matrix of the fit parameters:

               a      b      
a               1.000 
b              -0.886  1.000 


*******************************************************************************
Sat Jul 30 03:31:26 2016


FIT:    data read from "/tmp/makedhcp.log" using 1:3
        format = x:z
        #datapoints = 10
        residuals are weighted equally (unit weight)

function used for fitting: timermdhcp(x)
fitted parameters initialized with current variable values



 Iteration 0
 WSSR        : 2.44963e+11       delta(WSSR)/WSSR   : 0
 delta(WSSR) : 0                 limit for stopping : 1e-05
 lambda	  : 438.749

initial set of free parameter values

c               = 1
d               = 1

After 6 iterations the fit converged.
final sum of squares of residuals : 3.48311e+07
rel. change during last iteration : -1.18493e-11

degrees of freedom    (FIT_NDF)                        : 8
rms of residuals      (FIT_STDFIT) = sqrt(WSSR/ndf)    : 2086.6
variance of residuals (reduced chisquare) = WSSR/ndf   : 4.35389e+06

Final set of parameters            Asymptotic Standard Error
=======================            ==========================

c               = 252.927          +/- 2.297        (0.9083%)
d               = 210.013          +/- 1425         (678.7%)


correlation matrix of the fit parameters:

               c      d      
c               1.000 
d              -0.886  1.000 


*******************************************************************************
Sat Jul 30 03:32:13 2016


FIT:    data read from "/tmp/makedhcp.log" using 1:2
        format = x:z
        #datapoints = 10
        residuals are weighted equally (unit weight)

function used for fitting: timemkdhcp(x)
fitted parameters initialized with current variable values



 Iteration 0
 WSSR        : 1.54873e+11       delta(WSSR)/WSSR   : 0
 delta(WSSR) : 0                 limit for stopping : 1e-05
 lambda	  : 438.749

initial set of free parameter values

a               = 1
b               = 1

After 6 iterations the fit converged.
final sum of squares of residuals : 3.5806e+07
rel. change during last iteration : -1.26852e-08

degrees of freedom    (FIT_NDF)                        : 8
rms of residuals      (FIT_STDFIT) = sqrt(WSSR/ndf)    : 2115.6
variance of residuals (reduced chisquare) = WSSR/ndf   : 4.47575e+06

Final set of parameters            Asymptotic Standard Error
=======================            ==========================

a               = 191.585          +/- 2.329        (1.216%)
b               = 6924.81          +/- 1445         (20.87%)


correlation matrix of the fit parameters:

               a      b      
a               1.000 
b              -0.886  1.000 


*******************************************************************************
Sat Jul 30 03:32:13 2016


FIT:    data read from "/tmp/makedhcp.log" using 1:3
        format = x:z
        #datapoints = 10
        residuals are weighted equally (unit weight)

function used for fitting: timermdhcp(x)
fitted parameters initialized with current variable values



 Iteration 0
 WSSR        : 2.44963e+11       delta(WSSR)/WSSR   : 0
 delta(WSSR) : 0                 limit for stopping : 1e-05
 lambda	  : 438.749

initial set of free parameter values

c               = 1
d               = 1

After 6 iterations the fit converged.
final sum of squares of residuals : 3.48311e+07
rel. change during last iteration : -1.18493e-11

degrees of freedom    (FIT_NDF)                        : 8
rms of residuals      (FIT_STDFIT) = sqrt(WSSR/ndf)    : 2086.6
variance of residuals (reduced chisquare) = WSSR/ndf   : 4.35389e+06

Final set of parameters            Asymptotic Standard Error
=======================            ==========================

c               = 252.927          +/- 2.297        (0.9083%)
d               = 210.013          +/- 1425         (678.7%)


correlation matrix of the fit parameters:

               c      d      
c               1.000 
d              -0.886  1.000 


*******************************************************************************
Sat Jul 30 03:32:41 2016


FIT:    data read from "/tmp/makedhcp.log" using 1:2
        format = x:z
        #datapoints = 10
        residuals are weighted equally (unit weight)

function used for fitting: timemkdhcp(x)
fitted parameters initialized with current variable values



 Iteration 0
 WSSR        : 1.54873e+11       delta(WSSR)/WSSR   : 0
 delta(WSSR) : 0                 limit for stopping : 1e-05
 lambda	  : 438.749

initial set of free parameter values

a               = 1
b               = 1

After 6 iterations the fit converged.
final sum of squares of residuals : 3.5806e+07
rel. change during last iteration : -1.26852e-08

degrees of freedom    (FIT_NDF)                        : 8
rms of residuals      (FIT_STDFIT) = sqrt(WSSR/ndf)    : 2115.6
variance of residuals (reduced chisquare) = WSSR/ndf   : 4.47575e+06

Final set of parameters            Asymptotic Standard Error
=======================            ==========================

a               = 191.585          +/- 2.329        (1.216%)
b               = 6924.81          +/- 1445         (20.87%)


correlation matrix of the fit parameters:

               a      b      
a               1.000 
b              -0.886  1.000 


*******************************************************************************
Sat Jul 30 03:32:41 2016


FIT:    data read from "/tmp/makedhcp.log" using 1:3
        format = x:z
        #datapoints = 10
        residuals are weighted equally (unit weight)

function used for fitting: timermdhcp(x)
fitted parameters initialized with current variable values



 Iteration 0
 WSSR        : 2.44963e+11       delta(WSSR)/WSSR   : 0
 delta(WSSR) : 0                 limit for stopping : 1e-05
 lambda	  : 438.749

initial set of free parameter values

c               = 1
d               = 1

After 6 iterations the fit converged.
final sum of squares of residuals : 3.48311e+07
rel. change during last iteration : -1.18493e-11

degrees of freedom    (FIT_NDF)                        : 8
rms of residuals      (FIT_STDFIT) = sqrt(WSSR/ndf)    : 2086.6
variance of residuals (reduced chisquare) = WSSR/ndf   : 4.35389e+06

Final set of parameters            Asymptotic Standard Error
=======================            ==========================

c               = 252.927          +/- 2.297        (0.9083%)
d               = 210.013          +/- 1425         (678.7%)


correlation matrix of the fit parameters:

               c      d      
c               1.000 
d              -0.886  1.000 


*******************************************************************************
Sat Jul 30 03:37:07 2016


FIT:    data read from "/tmp/makedhcp.log" using 1:2
        format = x:z
        #datapoints = 10
        residuals are weighted equally (unit weight)

function used for fitting: timemkdhcp(x)
fitted parameters initialized with current variable values



 Iteration 0
 WSSR        : 1.54873e+11       delta(WSSR)/WSSR   : 0
 delta(WSSR) : 0                 limit for stopping : 1e-05
 lambda	  : 438.749

initial set of free parameter values

a               = 1
b               = 1

After 6 iterations the fit converged.
final sum of squares of residuals : 3.5806e+07
rel. change during last iteration : -1.26852e-08

degrees of freedom    (FIT_NDF)                        : 8
rms of residuals      (FIT_STDFIT) = sqrt(WSSR/ndf)    : 2115.6
variance of residuals (reduced chisquare) = WSSR/ndf   : 4.47575e+06

Final set of parameters            Asymptotic Standard Error
=======================            ==========================

a               = 191.585          +/- 2.329        (1.216%)
b               = 6924.81          +/- 1445         (20.87%)


correlation matrix of the fit parameters:

               a      b      
a               1.000 
b              -0.886  1.000 


*******************************************************************************
Sat Jul 30 03:37:07 2016


FIT:    data read from "/tmp/makedhcp.log" using 1:3
        format = x:z
        #datapoints = 10
        residuals are weighted equally (unit weight)

function used for fitting: timermdhcp(x)
fitted parameters initialized with current variable values



 Iteration 0
 WSSR        : 2.44963e+11       delta(WSSR)/WSSR   : 0
 delta(WSSR) : 0                 limit for stopping : 1e-05
 lambda	  : 438.749

initial set of free parameter values

c               = 1
d               = 1

After 6 iterations the fit converged.
final sum of squares of residuals : 3.48311e+07
rel. change during last iteration : -1.18493e-11

degrees of freedom    (FIT_NDF)                        : 8
rms of residuals      (FIT_STDFIT) = sqrt(WSSR/ndf)    : 2086.6
variance of residuals (reduced chisquare) = WSSR/ndf   : 4.35389e+06

Final set of parameters            Asymptotic Standard Error
=======================            ==========================

c               = 252.927          +/- 2.297        (0.9083%)
d               = 210.013          +/- 1425         (678.7%)


correlation matrix of the fit parameters:

               c      d      
c               1.000 
d              -0.886  1.000 


*******************************************************************************
Sat Jul 30 03:38:20 2016


FIT:    data read from "/tmp/makedhcp.log" using 1:2
        format = x:z
        #datapoints = 10
        residuals are weighted equally (unit weight)

function used for fitting: timemkdhcp(x)
fitted parameters initialized with current variable values



 Iteration 0
 WSSR        : 1.54873e+11       delta(WSSR)/WSSR   : 0
 delta(WSSR) : 0                 limit for stopping : 1e-05
 lambda	  : 438.749

initial set of free parameter values

a               = 1
b               = 1

After 6 iterations the fit converged.
final sum of squares of residuals : 3.5806e+07
rel. change during last iteration : -1.26852e-08

degrees of freedom    (FIT_NDF)                        : 8
rms of residuals      (FIT_STDFIT) = sqrt(WSSR/ndf)    : 2115.6
variance of residuals (reduced chisquare) = WSSR/ndf   : 4.47575e+06

Final set of parameters            Asymptotic Standard Error
=======================            ==========================

a               = 191.585          +/- 2.329        (1.216%)
b               = 6924.81          +/- 1445         (20.87%)


correlation matrix of the fit parameters:

               a      b      
a               1.000 
b              -0.886  1.000 


*******************************************************************************
Sat Jul 30 03:38:20 2016


FIT:    data read from "/tmp/makedhcp.log" using 1:3
        format = x:z
        #datapoints = 10
        residuals are weighted equally (unit weight)

function used for fitting: timermdhcp(x)
fitted parameters initialized with current variable values



 Iteration 0
 WSSR        : 2.44963e+11       delta(WSSR)/WSSR   : 0
 delta(WSSR) : 0                 limit for stopping : 1e-05
 lambda	  : 438.749

initial set of free parameter values

c               = 1
d               = 1

After 6 iterations the fit converged.
final sum of squares of residuals : 3.48311e+07
rel. change during last iteration : -1.18493e-11

degrees of freedom    (FIT_NDF)                        : 8
rms of residuals      (FIT_STDFIT) = sqrt(WSSR/ndf)    : 2086.6
variance of residuals (reduced chisquare) = WSSR/ndf   : 4.35389e+06

Final set of parameters            Asymptotic Standard Error
=======================            ==========================

c               = 252.927          +/- 2.297        (0.9083%)
d               = 210.013          +/- 1425         (678.7%)


correlation matrix of the fit parameters:

               c      d      
c               1.000 
d              -0.886  1.000 


*******************************************************************************
Sat Jul 30 03:39:59 2016


FIT:    data read from "/tmp/makedhcp.log" using 1:2
        format = x:z
        #datapoints = 10
        residuals are weighted equally (unit weight)

function used for fitting: timemkdhcp(x)
fitted parameters initialized with current variable values



 Iteration 0
 WSSR        : 1.54873e+11       delta(WSSR)/WSSR   : 0
 delta(WSSR) : 0                 limit for stopping : 1e-05
 lambda	  : 438.749

initial set of free parameter values

a               = 1
b               = 1

After 6 iterations the fit converged.
final sum of squares of residuals : 3.5806e+07
rel. change during last iteration : -1.26852e-08

degrees of freedom    (FIT_NDF)                        : 8
rms of residuals      (FIT_STDFIT) = sqrt(WSSR/ndf)    : 2115.6
variance of residuals (reduced chisquare) = WSSR/ndf   : 4.47575e+06

Final set of parameters            Asymptotic Standard Error
=======================            ==========================

a               = 191.585          +/- 2.329        (1.216%)
b               = 6924.81          +/- 1445         (20.87%)


correlation matrix of the fit parameters:

               a      b      
a               1.000 
b              -0.886  1.000 


*******************************************************************************
Sat Jul 30 03:39:59 2016


FIT:    data read from "/tmp/makedhcp.log" using 1:3
        format = x:z
        #datapoints = 10
        residuals are weighted equally (unit weight)

function used for fitting: timermdhcp(x)
fitted parameters initialized with current variable values



 Iteration 0
 WSSR        : 2.44963e+11       delta(WSSR)/WSSR   : 0
 delta(WSSR) : 0                 limit for stopping : 1e-05
 lambda	  : 438.749

initial set of free parameter values

c               = 1
d               = 1

After 6 iterations the fit converged.
final sum of squares of residuals : 3.48311e+07
rel. change during last iteration : -1.18493e-11

degrees of freedom    (FIT_NDF)                        : 8
rms of residuals      (FIT_STDFIT) = sqrt(WSSR/ndf)    : 2086.6
variance of residuals (reduced chisquare) = WSSR/ndf   : 4.35389e+06

Final set of parameters            Asymptotic Standard Error
=======================            ==========================

c               = 252.927          +/- 2.297        (0.9083%)
d               = 210.013          +/- 1425         (678.7%)


correlation matrix of the fit parameters:

               c      d      
c               1.000 
d              -0.886  1.000 


*******************************************************************************
Sat Jul 30 03:43:54 2016


FIT:    data read from "/tmp/makedhcp.log" using 1:2
        format = x:z
        #datapoints = 10
        residuals are weighted equally (unit weight)

function used for fitting: timemkdhcp(x)
fitted parameters initialized with current variable values



 Iteration 0
 WSSR        : 1.54873e+11       delta(WSSR)/WSSR   : 0
 delta(WSSR) : 0                 limit for stopping : 1e-05
 lambda	  : 438.749

initial set of free parameter values

a               = 1
b               = 1

After 6 iterations the fit converged.
final sum of squares of residuals : 3.5806e+07
rel. change during last iteration : -1.26852e-08

degrees of freedom    (FIT_NDF)                        : 8
rms of residuals      (FIT_STDFIT) = sqrt(WSSR/ndf)    : 2115.6
variance of residuals (reduced chisquare) = WSSR/ndf   : 4.47575e+06

Final set of parameters            Asymptotic Standard Error
=======================            ==========================

a               = 191.585          +/- 2.329        (1.216%)
b               = 6924.81          +/- 1445         (20.87%)


correlation matrix of the fit parameters:

               a      b      
a               1.000 
b              -0.886  1.000 


*******************************************************************************
Sat Jul 30 03:43:54 2016


FIT:    data read from "/tmp/makedhcp.log" using 1:3
        format = x:z
        #datapoints = 10
        residuals are weighted equally (unit weight)

function used for fitting: timermdhcp(x)
fitted parameters initialized with current variable values



 Iteration 0
 WSSR        : 2.44963e+11       delta(WSSR)/WSSR   : 0
 delta(WSSR) : 0                 limit for stopping : 1e-05
 lambda	  : 438.749

initial set of free parameter values

c               = 1
d               = 1

After 6 iterations the fit converged.
final sum of squares of residuals : 3.48311e+07
rel. change during last iteration : -1.18493e-11

degrees of freedom    (FIT_NDF)                        : 8
rms of residuals      (FIT_STDFIT) = sqrt(WSSR/ndf)    : 2086.6
variance of residuals (reduced chisquare) = WSSR/ndf   : 4.35389e+06

Final set of parameters            Asymptotic Standard Error
=======================            ==========================

c               = 252.927          +/- 2.297        (0.9083%)
d               = 210.013          +/- 1425         (678.7%)


correlation matrix of the fit parameters:

               c      d      
c               1.000 
d              -0.886  1.000 


*******************************************************************************
Sat Jul 30 03:44:46 2016


FIT:    data read from "/tmp/makedhcp.log" using 1:2
        format = x:z
        #datapoints = 10
        residuals are weighted equally (unit weight)

function used for fitting: timemkdhcp(x)
fitted parameters initialized with current variable values



 Iteration 0
 WSSR        : 1.54873e+11       delta(WSSR)/WSSR   : 0
 delta(WSSR) : 0                 limit for stopping : 1e-05
 lambda	  : 438.749

initial set of free parameter values

a               = 1
b               = 1

After 6 iterations the fit converged.
final sum of squares of residuals : 3.5806e+07
rel. change during last iteration : -1.26852e-08

degrees of freedom    (FIT_NDF)                        : 8
rms of residuals      (FIT_STDFIT) = sqrt(WSSR/ndf)    : 2115.6
variance of residuals (reduced chisquare) = WSSR/ndf   : 4.47575e+06

Final set of parameters            Asymptotic Standard Error
=======================            ==========================

a               = 191.585          +/- 2.329        (1.216%)
b               = 6924.81          +/- 1445         (20.87%)


correlation matrix of the fit parameters:

               a      b      
a               1.000 
b              -0.886  1.000 


*******************************************************************************
Sat Jul 30 03:44:46 2016


FIT:    data read from "/tmp/makedhcp.log" using 1:3
        format = x:z
        #datapoints = 10
        residuals are weighted equally (unit weight)

function used for fitting: timermdhcp(x)
fitted parameters initialized with current variable values



 Iteration 0
 WSSR        : 2.44963e+11       delta(WSSR)/WSSR   : 0
 delta(WSSR) : 0                 limit for stopping : 1e-05
 lambda	  : 438.749

initial set of free parameter values

c               = 1
d               = 1

After 6 iterations the fit converged.
final sum of squares of residuals : 3.48311e+07
rel. change during last iteration : -1.18493e-11

degrees of freedom    (FIT_NDF)                        : 8
rms of residuals      (FIT_STDFIT) = sqrt(WSSR/ndf)    : 2086.6
variance of residuals (reduced chisquare) = WSSR/ndf   : 4.35389e+06

Final set of parameters            Asymptotic Standard Error
=======================            ==========================

c               = 252.927          +/- 2.297        (0.9083%)
d               = 210.013          +/- 1425         (678.7%)


correlation matrix of the fit parameters:

               c      d      
c               1.000 
d              -0.886  1.000 


*******************************************************************************
Sat Jul 30 03:45:25 2016


FIT:    data read from "/tmp/makedhcp.log" using 1:2
        format = x:z
        #datapoints = 10
        residuals are weighted equally (unit weight)

function used for fitting: timemkdhcp(x)
fitted parameters initialized with current variable values



 Iteration 0
 WSSR        : 1.54873e+11       delta(WSSR)/WSSR   : 0
 delta(WSSR) : 0                 limit for stopping : 1e-05
 lambda	  : 438.749

initial set of free parameter values

a               = 1
b               = 1

After 6 iterations the fit converged.
final sum of squares of residuals : 3.5806e+07
rel. change during last iteration : -1.26852e-08

degrees of freedom    (FIT_NDF)                        : 8
rms of residuals      (FIT_STDFIT) = sqrt(WSSR/ndf)    : 2115.6
variance of residuals (reduced chisquare) = WSSR/ndf   : 4.47575e+06

Final set of parameters            Asymptotic Standard Error
=======================            ==========================

a               = 191.585          +/- 2.329        (1.216%)
b               = 6924.81          +/- 1445         (20.87%)


correlation matrix of the fit parameters:

               a      b      
a               1.000 
b              -0.886  1.000 


*******************************************************************************
Sat Jul 30 03:45:25 2016


FIT:    data read from "/tmp/makedhcp.log" using 1:3
        format = x:z
        #datapoints = 10
        residuals are weighted equally (unit weight)

function used for fitting: timermdhcp(x)
fitted parameters initialized with current variable values



 Iteration 0
 WSSR        : 2.44963e+11       delta(WSSR)/WSSR   : 0
 delta(WSSR) : 0                 limit for stopping : 1e-05
 lambda	  : 438.749

initial set of free parameter values

c               = 1
d               = 1

After 6 iterations the fit converged.
final sum of squares of residuals : 3.48311e+07
rel. change during last iteration : -1.18493e-11

degrees of freedom    (FIT_NDF)                        : 8
rms of residuals      (FIT_STDFIT) = sqrt(WSSR/ndf)    : 2086.6
variance of residuals (reduced chisquare) = WSSR/ndf   : 4.35389e+06

Final set of parameters            Asymptotic Standard Error
=======================            ==========================

c               = 252.927          +/- 2.297        (0.9083%)
d               = 210.013          +/- 1425         (678.7%)


correlation matrix of the fit parameters:

               c      d      
c               1.000 
d              -0.886  1.000 


*******************************************************************************
Sat Jul 30 03:45:59 2016


FIT:    data read from "/tmp/makedhcp.log" using 1:2
        format = x:z
        #datapoints = 10
        residuals are weighted equally (unit weight)

function used for fitting: timemkdhcp(x)
fitted parameters initialized with current variable values



 Iteration 0
 WSSR        : 1.54873e+11       delta(WSSR)/WSSR   : 0
 delta(WSSR) : 0                 limit for stopping : 1e-05
 lambda	  : 438.749

initial set of free parameter values

a               = 1
b               = 1

After 6 iterations the fit converged.
final sum of squares of residuals : 3.5806e+07
rel. change during last iteration : -1.26852e-08

degrees of freedom    (FIT_NDF)                        : 8
rms of residuals      (FIT_STDFIT) = sqrt(WSSR/ndf)    : 2115.6
variance of residuals (reduced chisquare) = WSSR/ndf   : 4.47575e+06

Final set of parameters            Asymptotic Standard Error
=======================            ==========================

a               = 191.585          +/- 2.329        (1.216%)
b               = 6924.81          +/- 1445         (20.87%)


correlation matrix of the fit parameters:

               a      b      
a               1.000 
b              -0.886  1.000 


*******************************************************************************
Sat Jul 30 03:45:59 2016


FIT:    data read from "/tmp/makedhcp.log" using 1:3
        format = x:z
        #datapoints = 10
        residuals are weighted equally (unit weight)

function used for fitting: timermdhcp(x)
fitted parameters initialized with current variable values



 Iteration 0
 WSSR        : 2.44963e+11       delta(WSSR)/WSSR   : 0
 delta(WSSR) : 0                 limit for stopping : 1e-05
 lambda	  : 438.749

initial set of free parameter values

c               = 1
d               = 1

After 6 iterations the fit converged.
final sum of squares of residuals : 3.48311e+07
rel. change during last iteration : -1.18493e-11

degrees of freedom    (FIT_NDF)                        : 8
rms of residuals      (FIT_STDFIT) = sqrt(WSSR/ndf)    : 2086.6
variance of residuals (reduced chisquare) = WSSR/ndf   : 4.35389e+06

Final set of parameters            Asymptotic Standard Error
=======================            ==========================

c               = 252.927          +/- 2.297        (0.9083%)
d               = 210.013          +/- 1425         (678.7%)


correlation matrix of the fit parameters:

               c      d      
c               1.000 
d              -0.886  1.000 


*******************************************************************************
Sat Jul 30 03:48:12 2016


FIT:    data read from "/tmp/makedhcp.log" using 1:2
        format = x:z
        #datapoints = 10
        residuals are weighted equally (unit weight)

function used for fitting: timemkdhcp(x)
fitted parameters initialized with current variable values



 Iteration 0
 WSSR        : 1.54873e+11       delta(WSSR)/WSSR   : 0
 delta(WSSR) : 0                 limit for stopping : 1e-05
 lambda	  : 438.749

initial set of free parameter values

a               = 1
b               = 1

After 6 iterations the fit converged.
final sum of squares of residuals : 3.5806e+07
rel. change during last iteration : -1.26852e-08

degrees of freedom    (FIT_NDF)                        : 8
rms of residuals      (FIT_STDFIT) = sqrt(WSSR/ndf)    : 2115.6
variance of residuals (reduced chisquare) = WSSR/ndf   : 4.47575e+06

Final set of parameters            Asymptotic Standard Error
=======================            ==========================

a               = 191.585          +/- 2.329        (1.216%)
b               = 6924.81          +/- 1445         (20.87%)


correlation matrix of the fit parameters:

               a      b      
a               1.000 
b              -0.886  1.000 


*******************************************************************************
Sat Jul 30 03:48:12 2016


FIT:    data read from "/tmp/makedhcp.log" using 1:3
        format = x:z
        #datapoints = 10
        residuals are weighted equally (unit weight)

function used for fitting: timermdhcp(x)
fitted parameters initialized with current variable values



 Iteration 0
 WSSR        : 2.44963e+11       delta(WSSR)/WSSR   : 0
 delta(WSSR) : 0                 limit for stopping : 1e-05
 lambda	  : 438.749

initial set of free parameter values

c               = 1
d               = 1

After 6 iterations the fit converged.
final sum of squares of residuals : 3.48311e+07
rel. change during last iteration : -1.18493e-11

degrees of freedom    (FIT_NDF)                        : 8
rms of residuals      (FIT_STDFIT) = sqrt(WSSR/ndf)    : 2086.6
variance of residuals (reduced chisquare) = WSSR/ndf   : 4.35389e+06

Final set of parameters            Asymptotic Standard Error
=======================            ==========================

c               = 252.927          +/- 2.297        (0.9083%)
d               = 210.013          +/- 1425         (678.7%)


correlation matrix of the fit parameters:

               c      d      
c               1.000 
d              -0.886  1.000 


*******************************************************************************
Sat Jul 30 03:48:52 2016


FIT:    data read from "/tmp/makedhcp.log" using 1:2
        format = x:z
        #datapoints = 10
        residuals are weighted equally (unit weight)

function used for fitting: timemkdhcp(x)
fitted parameters initialized with current variable values



 Iteration 0
 WSSR        : 1.54873e+11       delta(WSSR)/WSSR   : 0
 delta(WSSR) : 0                 limit for stopping : 1e-05
 lambda	  : 438.749

initial set of free parameter values

a               = 1
b               = 1

After 6 iterations the fit converged.
final sum of squares of residuals : 3.5806e+07
rel. change during last iteration : -1.26852e-08

degrees of freedom    (FIT_NDF)                        : 8
rms of residuals      (FIT_STDFIT) = sqrt(WSSR/ndf)    : 2115.6
variance of residuals (reduced chisquare) = WSSR/ndf   : 4.47575e+06

Final set of parameters            Asymptotic Standard Error
=======================            ==========================

a               = 191.585          +/- 2.329        (1.216%)
b               = 6924.81          +/- 1445         (20.87%)


correlation matrix of the fit parameters:

               a      b      
a               1.000 
b              -0.886  1.000 


*******************************************************************************
Sat Jul 30 03:48:52 2016


FIT:    data read from "/tmp/makedhcp.log" using 1:3
        format = x:z
        #datapoints = 10
        residuals are weighted equally (unit weight)

function used for fitting: timermdhcp(x)
fitted parameters initialized with current variable values



 Iteration 0
 WSSR        : 2.44963e+11       delta(WSSR)/WSSR   : 0
 delta(WSSR) : 0                 limit for stopping : 1e-05
 lambda	  : 438.749

initial set of free parameter values

c               = 1
d               = 1

After 6 iterations the fit converged.
final sum of squares of residuals : 3.48311e+07
rel. change during last iteration : -1.18493e-11

degrees of freedom    (FIT_NDF)                        : 8
rms of residuals      (FIT_STDFIT) = sqrt(WSSR/ndf)    : 2086.6
variance of residuals (reduced chisquare) = WSSR/ndf   : 4.35389e+06

Final set of parameters            Asymptotic Standard Error
=======================            ==========================

c               = 252.927          +/- 2.297        (0.9083%)
d               = 210.013          +/- 1425         (678.7%)


correlation matrix of the fit parameters:

               c      d      
c               1.000 
d              -0.886  1.000 


*******************************************************************************
Sat Jul 30 03:50:19 2016


FIT:    data read from "/tmp/makedhcp.log" using 1:2
        format = x:z
        #datapoints = 10
        residuals are weighted equally (unit weight)

function used for fitting: timemkdhcp(x)
fitted parameters initialized with current variable values



 Iteration 0
 WSSR        : 1.54873e+11       delta(WSSR)/WSSR   : 0
 delta(WSSR) : 0                 limit for stopping : 1e-05
 lambda	  : 438.749

initial set of free parameter values

a               = 1
b               = 1

After 6 iterations the fit converged.
final sum of squares of residuals : 3.5806e+07
rel. change during last iteration : -1.26852e-08

degrees of freedom    (FIT_NDF)                        : 8
rms of residuals      (FIT_STDFIT) = sqrt(WSSR/ndf)    : 2115.6
variance of residuals (reduced chisquare) = WSSR/ndf   : 4.47575e+06

Final set of parameters            Asymptotic Standard Error
=======================            ==========================

a               = 191.585          +/- 2.329        (1.216%)
b               = 6924.81          +/- 1445         (20.87%)


correlation matrix of the fit parameters:

               a      b      
a               1.000 
b              -0.886  1.000 


*******************************************************************************
Sat Jul 30 03:50:19 2016


FIT:    data read from "/tmp/makedhcp.log" using 1:3
        format = x:z
        #datapoints = 10
        residuals are weighted equally (unit weight)

function used for fitting: timermdhcp(x)
fitted parameters initialized with current variable values



 Iteration 0
 WSSR        : 2.44963e+11       delta(WSSR)/WSSR   : 0
 delta(WSSR) : 0                 limit for stopping : 1e-05
 lambda	  : 438.749

initial set of free parameter values

c               = 1
d               = 1

After 6 iterations the fit converged.
final sum of squares of residuals : 3.48311e+07
rel. change during last iteration : -1.18493e-11

degrees of freedom    (FIT_NDF)                        : 8
rms of residuals      (FIT_STDFIT) = sqrt(WSSR/ndf)    : 2086.6
variance of residuals (reduced chisquare) = WSSR/ndf   : 4.35389e+06

Final set of parameters            Asymptotic Standard Error
=======================            ==========================

c               = 252.927          +/- 2.297        (0.9083%)
d               = 210.013          +/- 1425         (678.7%)


correlation matrix of the fit parameters:

               c      d      
c               1.000 
d              -0.886  1.000 


*******************************************************************************
Sat Jul 30 03:58:23 2016


FIT:    data read from "/tmp/makedhcp.log" using 1:2
        format = x:z
        #datapoints = 10
        residuals are weighted equally (unit weight)

function used for fitting: timemkdhcp(x)
fitted parameters initialized with current variable values



 Iteration 0
 WSSR        : 1.54873e+11       delta(WSSR)/WSSR   : 0
 delta(WSSR) : 0                 limit for stopping : 1e-05
 lambda	  : 438.749

initial set of free parameter values

a               = 1
b               = 1

After 6 iterations the fit converged.
final sum of squares of residuals : 3.5806e+07
rel. change during last iteration : -1.26852e-08

degrees of freedom    (FIT_NDF)                        : 8
rms of residuals      (FIT_STDFIT) = sqrt(WSSR/ndf)    : 2115.6
variance of residuals (reduced chisquare) = WSSR/ndf   : 4.47575e+06

Final set of parameters            Asymptotic Standard Error
=======================            ==========================

a               = 191.585          +/- 2.329        (1.216%)
b               = 6924.81          +/- 1445         (20.87%)


correlation matrix of the fit parameters:

               a      b      
a               1.000 
b              -0.886  1.000 


*******************************************************************************
Sat Jul 30 03:58:23 2016


FIT:    data read from "/tmp/makedhcp.log" using 1:3
        format = x:z
        #datapoints = 10
        residuals are weighted equally (unit weight)

function used for fitting: timermdhcp(x)
fitted parameters initialized with current variable values



 Iteration 0
 WSSR        : 2.44963e+11       delta(WSSR)/WSSR   : 0
 delta(WSSR) : 0                 limit for stopping : 1e-05
 lambda	  : 438.749

initial set of free parameter values

c               = 1
d               = 1

After 6 iterations the fit converged.
final sum of squares of residuals : 3.48311e+07
rel. change during last iteration : -1.18493e-11

degrees of freedom    (FIT_NDF)                        : 8
rms of residuals      (FIT_STDFIT) = sqrt(WSSR/ndf)    : 2086.6
variance of residuals (reduced chisquare) = WSSR/ndf   : 4.35389e+06

Final set of parameters            Asymptotic Standard Error
=======================            ==========================

c               = 252.927          +/- 2.297        (0.9083%)
d               = 210.013          +/- 1425         (678.7%)


correlation matrix of the fit parameters:

               c      d      
c               1.000 
d              -0.886  1.000 


*******************************************************************************
Sat Jul 30 03:59:10 2016


FIT:    data read from "/tmp/makedhcp.log" using 1:2
        format = x:z
        #datapoints = 10
        residuals are weighted equally (unit weight)

function used for fitting: timemkdhcp(x)
fitted parameters initialized with current variable values



 Iteration 0
 WSSR        : 1.54873e+11       delta(WSSR)/WSSR   : 0
 delta(WSSR) : 0                 limit for stopping : 1e-05
 lambda	  : 438.749

initial set of free parameter values

a               = 1
b               = 1

After 6 iterations the fit converged.
final sum of squares of residuals : 3.5806e+07
rel. change during last iteration : -1.26852e-08

degrees of freedom    (FIT_NDF)                        : 8
rms of residuals      (FIT_STDFIT) = sqrt(WSSR/ndf)    : 2115.6
variance of residuals (reduced chisquare) = WSSR/ndf   : 4.47575e+06

Final set of parameters            Asymptotic Standard Error
=======================            ==========================

a               = 191.585          +/- 2.329        (1.216%)
b               = 6924.81          +/- 1445         (20.87%)


correlation matrix of the fit parameters:

               a      b      
a               1.000 
b              -0.886  1.000 


*******************************************************************************
Sat Jul 30 03:59:10 2016


FIT:    data read from "/tmp/makedhcp.log" using 1:3
        format = x:z
        #datapoints = 10
        residuals are weighted equally (unit weight)

function used for fitting: timermdhcp(x)
fitted parameters initialized with current variable values



 Iteration 0
 WSSR        : 2.44963e+11       delta(WSSR)/WSSR   : 0
 delta(WSSR) : 0                 limit for stopping : 1e-05
 lambda	  : 438.749

initial set of free parameter values

c               = 1
d               = 1

After 6 iterations the fit converged.
final sum of squares of residuals : 3.48311e+07
rel. change during last iteration : -1.18493e-11

degrees of freedom    (FIT_NDF)                        : 8
rms of residuals      (FIT_STDFIT) = sqrt(WSSR/ndf)    : 2086.6
variance of residuals (reduced chisquare) = WSSR/ndf   : 4.35389e+06

Final set of parameters            Asymptotic Standard Error
=======================            ==========================

c               = 252.927          +/- 2.297        (0.9083%)
d               = 210.013          +/- 1425         (678.7%)


correlation matrix of the fit parameters:

               c      d      
c               1.000 
d              -0.886  1.000 


*******************************************************************************
Sat Jul 30 03:59:12 2016


FIT:    data read from "/tmp/makedhcp.log" using 1:2
        format = x:z
        #datapoints = 10
        residuals are weighted equally (unit weight)

function used for fitting: timemkdhcp(x)
fitted parameters initialized with current variable values



 Iteration 0
 WSSR        : 1.54873e+11       delta(WSSR)/WSSR   : 0
 delta(WSSR) : 0                 limit for stopping : 1e-05
 lambda	  : 438.749

initial set of free parameter values

a               = 1
b               = 1

After 6 iterations the fit converged.
final sum of squares of residuals : 3.5806e+07
rel. change during last iteration : -1.26852e-08

degrees of freedom    (FIT_NDF)                        : 8
rms of residuals      (FIT_STDFIT) = sqrt(WSSR/ndf)    : 2115.6
variance of residuals (reduced chisquare) = WSSR/ndf   : 4.47575e+06

Final set of parameters            Asymptotic Standard Error
=======================            ==========================

a               = 191.585          +/- 2.329        (1.216%)
b               = 6924.81          +/- 1445         (20.87%)


correlation matrix of the fit parameters:

               a      b      
a               1.000 
b              -0.886  1.000 


*******************************************************************************
Sat Jul 30 03:59:12 2016


FIT:    data read from "/tmp/makedhcp.log" using 1:3
        format = x:z
        #datapoints = 10
        residuals are weighted equally (unit weight)

function used for fitting: timermdhcp(x)
fitted parameters initialized with current variable values



 Iteration 0
 WSSR        : 2.44963e+11       delta(WSSR)/WSSR   : 0
 delta(WSSR) : 0                 limit for stopping : 1e-05
 lambda	  : 438.749

initial set of free parameter values

c               = 1
d               = 1

After 6 iterations the fit converged.
final sum of squares of residuals : 3.48311e+07
rel. change during last iteration : -1.18493e-11

degrees of freedom    (FIT_NDF)                        : 8
rms of residuals      (FIT_STDFIT) = sqrt(WSSR/ndf)    : 2086.6
variance of residuals (reduced chisquare) = WSSR/ndf   : 4.35389e+06

Final set of parameters            Asymptotic Standard Error
=======================            ==========================

c               = 252.927          +/- 2.297        (0.9083%)
d               = 210.013          +/- 1425         (678.7%)


correlation matrix of the fit parameters:

               c      d      
c               1.000 
d              -0.886  1.000 


*******************************************************************************
Sat Jul 30 04:04:40 2016


FIT:    data read from "/tmp/makedhcp.log" using 1:2
        format = x:z
        #datapoints = 10
        residuals are weighted equally (unit weight)

function used for fitting: timemkdhcp(x)
fitted parameters initialized with current variable values



 Iteration 0
 WSSR        : 1.54873e+11       delta(WSSR)/WSSR   : 0
 delta(WSSR) : 0                 limit for stopping : 1e-05
 lambda	  : 438.749

initial set of free parameter values

a               = 1
b               = 1

After 6 iterations the fit converged.
final sum of squares of residuals : 3.5806e+07
rel. change during last iteration : -1.26852e-08

degrees of freedom    (FIT_NDF)                        : 8
rms of residuals      (FIT_STDFIT) = sqrt(WSSR/ndf)    : 2115.6
variance of residuals (reduced chisquare) = WSSR/ndf   : 4.47575e+06

Final set of parameters            Asymptotic Standard Error
=======================            ==========================

a               = 191.585          +/- 2.329        (1.216%)
b               = 6924.81          +/- 1445         (20.87%)


correlation matrix of the fit parameters:

               a      b      
a               1.000 
b              -0.886  1.000 


*******************************************************************************
Sat Jul 30 04:04:40 2016


FIT:    data read from "/tmp/makedhcp.log" using 1:3
        format = x:z
        #datapoints = 10
        residuals are weighted equally (unit weight)

function used for fitting: timermdhcp(x)
fitted parameters initialized with current variable values



 Iteration 0
 WSSR        : 2.44963e+11       delta(WSSR)/WSSR   : 0
 delta(WSSR) : 0                 limit for stopping : 1e-05
 lambda	  : 438.749

initial set of free parameter values

c               = 1
d               = 1

After 6 iterations the fit converged.
final sum of squares of residuals : 3.48311e+07
rel. change during last iteration : -1.18493e-11

degrees of freedom    (FIT_NDF)                        : 8
rms of residuals      (FIT_STDFIT) = sqrt(WSSR/ndf)    : 2086.6
variance of residuals (reduced chisquare) = WSSR/ndf   : 4.35389e+06

Final set of parameters            Asymptotic Standard Error
=======================            ==========================

c               = 252.927          +/- 2.297        (0.9083%)
d               = 210.013          +/- 1425         (678.7%)


correlation matrix of the fit parameters:

               c      d      
c               1.000 
d              -0.886  1.000 


*******************************************************************************
Sat Jul 30 11:05:45 2016


FIT:    data read from "/tmp/makedhcp.log" using 1:2
        format = x:z
        #datapoints = 10
        residuals are weighted equally (unit weight)

function used for fitting: timemkdhcp(x)
fitted parameters initialized with current variable values



 Iteration 0
 WSSR        : 1.54873e+11       delta(WSSR)/WSSR   : 0
 delta(WSSR) : 0                 limit for stopping : 1e-05
 lambda	  : 438.749

initial set of free parameter values

a               = 1
b               = 1

After 6 iterations the fit converged.
final sum of squares of residuals : 3.5806e+07
rel. change during last iteration : -1.26852e-08

degrees of freedom    (FIT_NDF)                        : 8
rms of residuals      (FIT_STDFIT) = sqrt(WSSR/ndf)    : 2115.6
variance of residuals (reduced chisquare) = WSSR/ndf   : 4.47575e+06

Final set of parameters            Asymptotic Standard Error
=======================            ==========================

a               = 191.585          +/- 2.329        (1.216%)
b               = 6924.81          +/- 1445         (20.87%)


correlation matrix of the fit parameters:

               a      b      
a               1.000 
b              -0.886  1.000 


*******************************************************************************
Sat Jul 30 11:05:45 2016


FIT:    data read from "/tmp/makedhcp.log" using 1:3
        format = x:z
        #datapoints = 10
        residuals are weighted equally (unit weight)

function used for fitting: timermdhcp(x)
fitted parameters initialized with current variable values



 Iteration 0
 WSSR        : 2.44963e+11       delta(WSSR)/WSSR   : 0
 delta(WSSR) : 0                 limit for stopping : 1e-05
 lambda	  : 438.749

initial set of free parameter values

c               = 1
d               = 1

After 6 iterations the fit converged.
final sum of squares of residuals : 3.48311e+07
rel. change during last iteration : -1.18493e-11

degrees of freedom    (FIT_NDF)                        : 8
rms of residuals      (FIT_STDFIT) = sqrt(WSSR/ndf)    : 2086.6
variance of residuals (reduced chisquare) = WSSR/ndf   : 4.35389e+06

Final set of parameters            Asymptotic Standard Error
=======================            ==========================

c               = 252.927          +/- 2.297        (0.9083%)
d               = 210.013          +/- 1425         (678.7%)


correlation matrix of the fit parameters:

               c      d      
c               1.000 
d              -0.886  1.000 
